2023-06-26 07:07:01.992 - INFO - 8987 - azureml.train.automl._experiment_drivers.driver_utilities.modify_run_configuration:225 - Package azureml-train-automl missing from dependencies file.
2023-06-26 07:07:01.998 - INFO - 8987 - azureml.train.automl._experiment_drivers.driver_utilities.modify_run_configuration:231 - Using pinned version: azureml-train-automl==1.49.0.*
2023-06-26 07:07:01.999 - INFO - 8987 - azureml.train.automl._experiment_drivers.driver_utilities.modify_run_configuration:225 - Package pandas missing from dependencies file.
2023-06-26 07:07:01.999 - INFO - 8987 - azureml.train.automl._experiment_drivers.driver_utilities.modify_run_configuration:231 - Using pinned version: pandas==1.1.5
2023-06-26 07:07:01.999 - INFO - 8987 - azureml.train.automl._experiment_drivers.driver_utilities.modify_run_configuration:225 - Package psutil missing from dependencies file.
2023-06-26 07:07:02.000 - INFO - 8987 - azureml.train.automl._experiment_drivers.driver_utilities.modify_run_configuration:231 - Using pinned version: psutil>5.0.0,<6.0.0
2023-06-26 07:07:02.000 - INFO - 8987 - azureml.train.automl._experiment_drivers.driver_utilities.modify_run_configuration:225 - Package scikit-learn missing from dependencies file.
2023-06-26 07:07:02.000 - INFO - 8987 - azureml.train.automl._experiment_drivers.driver_utilities.modify_run_configuration:231 - Using pinned version: scikit-learn==0.22.1
2023-06-26 07:07:02.000 - INFO - 8987 - azureml.train.automl._experiment_drivers.driver_utilities.modify_run_configuration:225 - Package numpy missing from dependencies file.
2023-06-26 07:07:02.000 - INFO - 8987 - azureml.train.automl._experiment_drivers.driver_utilities.modify_run_configuration:231 - Using pinned version: numpy~=1.18.0
2023-06-26 07:07:02.001 - INFO - 8987 - azureml.train.automl._experiment_drivers.driver_utilities.modify_run_configuration:225 - Package py-xgboost missing from dependencies file.
2023-06-26 07:07:02.001 - INFO - 8987 - azureml.train.automl._experiment_drivers.driver_utilities.modify_run_configuration:231 - Using pinned version: py-xgboost==1.3.3
2023-06-26 07:07:02.002 - INFO - 8987 - azureml.train.automl._experiment_drivers.driver_utilities.modify_run_configuration:225 - Package inference-schema missing from dependencies file.
2023-06-26 07:07:02.002 - INFO - 8987 - azureml.train.automl._experiment_drivers.driver_utilities.modify_run_configuration:235 - Using installed version: inference-schema==1.5.1
2023-06-26 07:07:02.002 - INFO - 8987 - azureml.train.automl._experiment_drivers.driver_utilities.modify_run_configuration:225 - Package fbprophet missing from dependencies file.
2023-06-26 07:07:02.002 - INFO - 8987 - azureml.train.automl._experiment_drivers.driver_utilities.modify_run_configuration:231 - Using pinned version: fbprophet==0.7.1
2023-06-26 07:07:02.003 - INFO - 8987 - azureml.train.automl._experiment_drivers.driver_utilities.modify_run_configuration:225 - Package holidays missing from dependencies file.
2023-06-26 07:07:02.003 - INFO - 8987 - azureml.train.automl._experiment_drivers.driver_utilities.modify_run_configuration:231 - Using pinned version: holidays==0.10.3
2023-06-26 07:07:02.003 - INFO - 8987 - azureml.train.automl._experiment_drivers.driver_utilities.modify_run_configuration:225 - Package joblib missing from dependencies file.
2023-06-26 07:07:02.003 - INFO - 8987 - azureml.train.automl._experiment_drivers.driver_utilities.modify_run_configuration:231 - Using pinned version: joblib==0.14.1
2023-06-26 07:07:02.004 - INFO - 8987 - azureml.train.automl._experiment_drivers.driver_utilities.modify_run_configuration:225 - Package pystan missing from dependencies file.
2023-06-26 07:07:02.004 - INFO - 8987 - azureml.train.automl._experiment_drivers.driver_utilities.modify_run_configuration:231 - Using pinned version: pystan==2.19.1.1
2023-06-26 07:07:02.004 - INFO - 8987 - azureml.train.automl._experiment_drivers.driver_utilities.modify_run_configuration:225 - Package setuptools-git missing from dependencies file.
2023-06-26 07:07:02.006 - INFO - 8987 - azureml.train.automl._experiment_drivers.driver_utilities.modify_run_configuration:235 - Using installed version: setuptools-git==1.2
2023-06-26 07:07:02.012 - INFO - 8987 - azureml.train.automl._experiment_drivers.driver_utilities.modify_run_configuration:225 - Package urllib3 missing from dependencies file.
2023-06-26 07:07:02.013 - INFO - 8987 - azureml.train.automl._experiment_drivers.driver_utilities.modify_run_configuration:235 - Using installed version: urllib3==1.26.14
2023-06-26 07:07:02.013 - INFO - 8987 - azureml.train.automl._experiment_drivers.driver_utilities.modify_run_configuration:225 - Package azure-core missing from dependencies file.
2023-06-26 07:07:02.013 - INFO - 8987 - azureml.train.automl._experiment_drivers.driver_utilities.modify_run_configuration:235 - Using installed version: azure-core==1.26.3
2023-06-26 07:07:02.014 - INFO - 8987 - azureml.automl.core.dataset_utilities._save_datasets_to_json:255 - JSON serialization of input of type <class 'NoneType'> is un-supported.
2023-06-26 07:07:02.014 - INFO - 8987 - azureml.automl.core.dataset_utilities._save_datasets_to_json:255 - JSON serialization of input of type <class 'NoneType'> is un-supported.
2023-06-26 07:07:02.015 - INFO - 8987 - azureml.train.automl._experiment_drivers.driver_utilities.validate_input:124 - Start data validation.
2023-06-26 07:07:03.296 - INFO - 8987 - azureml.train.automl._experiment_drivers.driver_utilities.validate_input:137 - Validation service found the data has no errors.
2023-06-26 07:07:03.296 - INFO - 8987 - azureml.train.automl._experiment_drivers.driver_utilities.create_remote_parent_run:381 - Start creating parent run.
2023-06-26 07:07:03.634 - INFO - 8987 - azureml.train.automl._experiment_drivers.driver_utilities.create_remote_parent_run:401 - [ParentRunID:AutoML_68f381cc-a401-464f-982e-b88e8e0f31e5] Remote run using input X and y.
2023-06-26 07:07:03.988 - INFO - 8987 - azureml.train.automl._experiment_drivers.driver_utilities.start_remote_run:336 - Starting a snapshot run (snapshot_id : None)
